<?xml version="1.0" encoding="UTF-8"?>
<testng-results ignored="0" total="1" passed="1" failed="0" skipped="0">
  <reporter-output>
  </reporter-output>
  <suite started-at="2023-08-22T13:42:58Z" name="Default suite" finished-at="2023-08-22T13:43:04Z" duration-ms="5905">
    <groups>
    </groups>
    <test started-at="2023-08-22T13:42:58Z" name="Default test" finished-at="2023-08-22T13:43:04Z" duration-ms="5905">
      <class name="nopCommerce.Topic_02_Login">
        <test-method is-config="true" signature="beforeClass()[pri:0, instance:nopCommerce.Topic_02_Login@6ed3ccb2]" started-at="2023-08-22T13:42:58Z" name="beforeClass" finished-at="2023-08-22T13:43:01Z" duration-ms="3051" status="PASS">
          <reporter-output>
          </reporter-output>
        </test-method> <!-- beforeClass -->
        <test-method signature="TC_03_Login_With_Unregister_Email()[pri:0, instance:nopCommerce.Topic_02_Login@6ed3ccb2]" started-at="2023-08-22T13:43:01Z" name="TC_03_Login_With_Unregister_Email" finished-at="2023-08-22T13:43:03Z" duration-ms="2231" status="PASS">
          <reporter-output>
          </reporter-output>
        </test-method> <!-- TC_03_Login_With_Unregister_Email -->
        <test-method is-config="true" signature="afterClass()[pri:0, instance:nopCommerce.Topic_02_Login@6ed3ccb2]" started-at="2023-08-22T13:43:03Z" name="afterClass" finished-at="2023-08-22T13:43:04Z" duration-ms="608" status="PASS">
          <reporter-output>
          </reporter-output>
        </test-method> <!-- afterClass -->
      </class> <!-- nopCommerce.Topic_02_Login -->
    </test> <!-- Default test -->
  </suite> <!-- Default suite -->
</testng-results>
